[get] [/articles/] [2016.10.12.11.08.23.am]
[get] [/articles/new] [2016.10.12.11.08.25.am]
[post] [/articles/new] [2016.10.12.11.08.43.am]
[get] [/articles/new] [2016.10.12.11.08.45.am]
[get] [/articles/] [2016.10.12.11.08.48.am]
[get] [/articles/dog/edit] [2016.10.12.11.08.50.am]
[post] [/articles/dog/edit] [2016.10.12.11.08.57.am]
[get] [/articles/] [2016.10.12.11.09.00.am]
[get] [/articles/cat/edit] [2016.10.12.11.09.06.am]
[get] [/products/] [2016.10.12.11.10.44.am]
[get] [/products/new] [2016.10.12.11.10.48.am]
[post] [/products/new] [2016.10.12.11.10.56.am]
[get] [/products/new] [2016.10.12.11.10.58.am]
[get] [/products/] [2016.10.12.11.10.59.am]
[get] [/products/1/edit] [2016.10.12.11.11.02.am]
[get] [/products/] [2016.10.12.11.11.21.am]
[get] [/products/new] [2016.10.12.11.11.22.am]
[post] [/products/new] [2016.10.12.11.11.29.am]
[get] [/products/new] [2016.10.12.11.11.30.am]
[get] [/products/] [2016.10.12.11.11.32.am]
[get] [/products/1/edit] [2016.10.12.11.11.34.am]
[post] [/products/1/edit] [2016.10.12.11.11.40.am]
[get] [/products/1/edit] [2016.10.12.11.11.41.am]
[get] [/products/] [2016.10.12.11.11.43.am]
[get] [/articles/] [2016.10.12.11.11.54.am]
[get] [/articles/new] [2016.10.12.11.11.57.am]
[post] [/articles/new] [2016.10.12.11.12.05.am]
[get] [/articles/new] [2016.10.12.11.12.06.am]
[get] [/articles/] [2016.10.12.11.12.07.am]
[get] [/articles/tap/edit] [2016.10.12.11.12.10.am]
[get] [/articles/] [2016.10.12.11.12.21.am]
[get] [/articles/new] [2016.10.12.11.12.22.am]
[post] [/articles/new] [2016.10.12.11.12.28.am]
[get] [/articles/new] [2016.10.12.11.12.29.am]
[get] [/articles/] [2016.10.12.11.12.30.am]
[get] [/articles/tap-ta/edit] [2016.10.12.11.12.33.am]
[post] [/articles/tap-ta/edit] [2016.10.12.11.12.38.am]
[get] [/articles/] [2016.10.12.11.12.42.am]
