[get] [/products/2/edit] [2016.10.17.10.35.37.am]
[post] [/products/2/edit] [2016.10.17.10.35.46.am]
[get] [/products/2/edit] [2016.10.17.10.35.47.am]
[get] [/products/] [2016.10.17.10.35.48.am]
[get] [/products/] [2016.10.17.10.35.50.am]
[get] [/products/2/edit] [2016.10.17.10.36.16.am]
[get] [/products/] [2016.10.17.10.37.00.am]
[get] [/products/] [2016.10.17.10.42.53.am]
[get] [/products/] [2016.10.17.10.42.59.am]
[get] [/products/] [2016.10.17.10.43.01.am]
[get] [/products/] [2016.10.17.10.43.03.am]
[get] [/products/] [2016.10.17.10.43.14.am]
[get] [/products/] [2016.10.17.10.43.19.am]
[get] [/products/] [2016.10.17.10.43.21.am]
[get] [/products/] [2016.10.17.10.44.57.am]
[get] [/products/] [2016.10.17.10.45.45.am]
[get] [/products/] [2016.10.17.10.59.16.am]
[get] [/products/] [2016.10.17.11.01.11.am]
[get] [/products/] [2016.10.17.11.02.32.am]
[get] [/products/2/edit] [2016.10.17.11.04.01.am]
[get] [/products/2/edit] [2016.10.17.11.05.21.am]
[get] [/products/1/edit] [2016.10.17.11.05.28.am]
[get] [/products/] [2016.10.17.11.05.32.am]
[get] [/products/new] [2016.10.17.11.05.36.am]
[get] [/articles/] [2016.10.17.11.06.32.am]
[get] [/articles/1-1-1-1-1-1/edit] [2016.10.17.11.06.34.am]
[get] [/articles/doggie/edit] [2016.10.17.11.06.36.am]
[get] [/articles/the-weather/edit] [2016.10.17.11.06.38.am]
[get] [/articles/new] [2016.10.17.11.06.40.am]
[get] [/products/] [2016.10.17.11.07.41.am]
[get] [/products/1/edit] [2016.10.17.11.07.42.am]
[get] [/products/new] [2016.10.17.11.07.44.am]
[get] [/products/2/edit] [2016.10.17.11.07.48.am]
[post] [/products/2/edit] [2016.10.17.11.07.50.am]
[get] [/products/2/edit] [2016.10.17.11.07.51.am]
[get] [/products/] [2016.10.17.11.07.52.am]
[get] [/articles/] [2016.10.17.11.08.00.am]
[get] [/articles/1-1-1-1-1-1/edit] [2016.10.17.11.08.02.am]
[post] [/articles/1-1-1-1-1-1/edit] [2016.10.17.11.08.13.am]
[get] [/articles/1-1-1-1-1-1/edit] [2016.10.17.11.08.14.am]
[get] [/articles/] [2016.10.17.11.08.20.am]
